{
  "RSpec": {
    "coverage": {
      "/Users/danielthierrymarcelin/Documents/School Related 😎/NYCU-related/3rd Semester/SOA/Jobify/init.rb": {
        "lines": [
          null,
          null,
          1,
          null,
          1
        ]
      },
      "/Users/danielthierrymarcelin/Documents/School Related 😎/NYCU-related/3rd Semester/SOA/Jobify/lib/init.rb": {
        "lines": [
          null,
          null,
          1,
          null,
          4,
          3,
          null,
          null
        ]
      },
      "/Users/danielthierrymarcelin/Documents/School Related 😎/NYCU-related/3rd Semester/SOA/Jobify/lib/entities/job.rb": {
        "lines": [
          null,
          null,
          1,
          1,
          null,
          1,
          1,
          1,
          1,
          1,
          1,
          1,
          1,
          1,
          1,
          null,
          null,
          null
        ]
      },
      "/Users/danielthierrymarcelin/Documents/School Related 😎/NYCU-related/3rd Semester/SOA/Jobify/lib/gateways_careerjet/job_api.rb": {
        "lines": [
          null,
          null,
          1,
          null,
          1,
          1,
          null,
          1,
          1,
          1,
          null,
          null,
          1,
          1,
          null,
          null,
          null,
          null,
          1,
          1,
          1,
          1,
          1,
          null,
          null,
          1,
          1,
          1,
          null,
          null,
          null,
          null,
          null,
          null,
          null,
          null,
          null,
          null,
          null,
          null
        ]
      },
      "/Users/danielthierrymarcelin/Documents/School Related 😎/NYCU-related/3rd Semester/SOA/Jobify/lib/mappers/job_mapper.rb": {
        "lines": [
          null,
          null,
          1,
          1,
          null,
          1,
          1,
          1,
          1,
          1,
          null,
          null,
          1,
          1,
          21,
          null,
          null,
          1,
          20,
          null,
          null,
          null,
          null,
          1,
          1,
          20,
          null,
          null,
          1,
          20,
          null,
          null,
          null,
          null,
          null,
          null,
          null,
          null,
          null,
          1,
          20,
          null,
          null,
          1,
          20,
          null,
          null,
          1,
          20,
          null,
          null,
          1,
          20,
          null,
          null,
          1,
          20,
          null,
          null,
          1,
          20,
          null,
          null,
          null,
          null
        ]
      }
    },
    "timestamp": 1635764242
  }
}
