{
  "RSpec": {
    "coverage": {
      "/Users/loudwigeodice/Desktop/Jobify/init.rb": {
        "lines": [
          null,
          null,
          1,
          2,
          null
        ]
      },
      "/Users/loudwigeodice/Desktop/Jobify/config/init.rb": {
        "lines": [
          null,
          null,
          1
        ]
      },
      "/Users/loudwigeodice/Desktop/Jobify/config/environment.rb": {
        "lines": [
          null,
          null,
          1,
          1,
          1,
          1,
          null,
          1,
          null,
          1,
          1,
          null,
          null,
          1,
          null,
          1,
          null,
          null,
          null,
          1,
          1,
          null,
          1,
          1,
          null,
          null,
          null,
          1,
          1,
          null,
          null,
          null,
          null
        ]
      },
      "/Users/loudwigeodice/Desktop/Jobify/app/init.rb": {
        "lines": [
          null,
          null,
          1,
          3,
          null
        ]
      },
      "/Users/loudwigeodice/Desktop/Jobify/app/models/init.rb": {
        "lines": [
          null,
          null,
          1,
          null,
          3,
          8,
          null,
          null
        ]
      },
      "/Users/loudwigeodice/Desktop/Jobify/app/models/entities/job.rb": {
        "lines": [
          null,
          null,
          1,
          1,
          null,
          1,
          1,
          null,
          1,
          1,
          1,
          1,
          1,
          1,
          1,
          1,
          1,
          null,
          1,
          0,
          null,
          null,
          null,
          null
        ]
      },
      "/Users/loudwigeodice/Desktop/Jobify/app/models/entities/list_job.rb": {
        "lines": [
          null,
          null,
          1,
          1,
          1,
          null,
          1,
          1,
          null,
          1,
          1,
          null,
          1,
          1,
          null,
          1,
          0,
          null,
          null,
          null,
          null
        ]
      },
      "/Users/loudwigeodice/Desktop/Jobify/app/models/mappers/job_mapper.rb": {
        "lines": [
          null,
          null,
          1,
          1,
          null,
          1,
          1,
          1,
          1,
          1,
          null,
          null,
          1,
          0,
          0,
          null,
          null,
          1,
          20,
          null,
          null,
          null,
          null,
          1,
          1,
          20,
          null,
          null,
          1,
          20,
          null,
          null,
          null,
          null,
          null,
          null,
          null,
          null,
          null,
          null,
          1,
          20,
          null,
          null,
          1,
          20,
          null,
          null,
          1,
          20,
          null,
          null,
          1,
          20,
          null,
          null,
          1,
          20,
          null,
          null,
          1,
          20,
          null,
          null,
          null,
          null
        ]
      },
      "/Users/loudwigeodice/Desktop/Jobify/app/models/mappers/list_job_mapper.rb": {
        "lines": [
          null,
          null,
          1,
          null,
          1,
          1,
          null,
          1,
          1,
          1,
          1,
          1,
          null,
          null,
          1,
          1,
          1,
          null,
          null,
          1,
          1,
          null,
          null,
          null,
          1,
          1,
          1,
          1,
          null,
          null,
          1,
          1,
          null,
          null,
          null,
          null,
          null,
          1,
          1,
          20,
          null,
          null,
          null,
          null,
          null,
          null
        ]
      },
      "/Users/loudwigeodice/Desktop/Jobify/app/models/repositories/for.rb": {
        "lines": [
          null,
          null,
          1,
          1,
          null,
          1,
          1,
          null,
          1,
          null,
          1,
          null,
          null,
          null,
          1,
          0,
          null,
          null,
          1,
          1,
          null,
          null,
          null,
          null
        ]
      },
      "/Users/loudwigeodice/Desktop/Jobify/app/models/repositories/jobs.rb": {
        "lines": [
          null,
          null,
          1,
          1,
          null,
          1,
          1,
          0,
          null,
          null,
          1,
          0,
          null,
          null,
          1,
          0,
          0,
          null,
          null,
          1,
          0,
          0,
          null,
          null,
          1,
          0,
          null,
          0,
          null,
          null,
          null,
          null,
          null,
          null,
          null,
          null,
          null,
          null,
          1,
          0,
          0,
          null,
          null,
          null,
          null,
          null
        ]
      },
      "/Users/loudwigeodice/Desktop/Jobify/app/models/repositories/list_jobs.rb": {
        "lines": [
          null,
          null,
          1,
          null,
          1,
          1,
          null,
          1,
          1,
          0,
          null,
          null,
          1,
          1,
          null,
          null,
          1,
          1,
          null,
          null,
          null,
          1,
          1,
          null,
          1,
          1,
          null,
          null,
          1,
          1,
          null,
          1,
          20,
          null,
          null,
          null,
          null,
          null,
          null,
          null,
          null,
          null,
          null,
          null,
          null,
          1,
          1,
          1,
          null,
          null,
          1,
          1,
          null,
          1,
          160,
          null,
          null,
          null,
          null,
          null,
          null
        ]
      },
      "/Users/loudwigeodice/Desktop/Jobify/app/models/repositories/init.rb": {
        "lines": [
          null,
          null,
          1,
          4,
          null
        ]
      },
      "/Users/loudwigeodice/Desktop/Jobify/app/infrastructure/init.rb": {
        "lines": [
          null,
          null,
          1,
          1,
          2,
          null
        ]
      },
      "/Users/loudwigeodice/Desktop/Jobify/app/infrastructure/gateways_careerjet/init.rb": {
        "lines": [
          null,
          null,
          1,
          2,
          null
        ]
      },
      "/Users/loudwigeodice/Desktop/Jobify/app/infrastructure/gateways_careerjet/job_api.rb": {
        "lines": [
          null,
          null,
          1,
          null,
          1,
          1,
          null,
          1,
          1,
          2,
          null,
          null,
          1,
          1,
          null,
          null,
          null,
          null,
          1,
          1,
          1,
          1,
          1,
          null,
          null,
          1,
          1,
          1,
          null,
          null,
          null,
          null,
          null,
          null,
          null,
          null,
          null,
          null,
          null,
          null
        ]
      },
      "/Users/loudwigeodice/Desktop/Jobify/app/infrastructure/database/init.rb": {
        "lines": [
          null,
          null,
          1,
          1,
          1,
          null
        ]
      },
      "/Users/loudwigeodice/Desktop/Jobify/app/infrastructure/database/orms/init.rb": {
        "lines": [
          null,
          null,
          1,
          3,
          null
        ]
      },
      "/Users/loudwigeodice/Desktop/Jobify/app/infrastructure/database/orms/job_orm.rb": {
        "lines": [
          null,
          null,
          1,
          null,
          1,
          1,
          null,
          1,
          1,
          null,
          null,
          null,
          1,
          null,
          null,
          null
        ]
      },
      "/Users/loudwigeodice/Desktop/Jobify/app/infrastructure/database/orms/list_job_orm.rb": {
        "lines": [
          null,
          null,
          1,
          null,
          1,
          1,
          null,
          1,
          1,
          null,
          null,
          1,
          null,
          null,
          null
        ]
      },
      "/Users/loudwigeodice/Desktop/Jobify/app/controllers/init.rb": {
        "lines": [
          null,
          null,
          1,
          2,
          null
        ]
      },
      "/Users/loudwigeodice/Desktop/Jobify/app/controllers/app.rb": {
        "lines": [
          null,
          null,
          1,
          1,
          null,
          1,
          null,
          1,
          1,
          1,
          1,
          null,
          1,
          0,
          null,
          null,
          0,
          0,
          0,
          null,
          0,
          0,
          null,
          0,
          0,
          0,
          0,
          0,
          null,
          0,
          null,
          0,
          null,
          null,
          null,
          0,
          null,
          0,
          0,
          null,
          null,
          null,
          0,
          0,
          null,
          null,
          null,
          null,
          null,
          null
        ]
      },
      "/Users/loudwigeodice/Desktop/Jobify/spec/helpers/vcr_helper.rb": {
        "lines": [
          null,
          null,
          1,
          1,
          null,
          null,
          1,
          1,
          1,
          null,
          1,
          1,
          1,
          1,
          null,
          null,
          null,
          1,
          1,
          2,
          2,
          null,
          null,
          1,
          null,
          null,
          null,
          null,
          null,
          null,
          1,
          1,
          null,
          null
        ]
      },
      "/Users/loudwigeodice/Desktop/Jobify/spec/helpers/database_helper.rb": {
        "lines": [
          null,
          null,
          null,
          1,
          1,
          null,
          1,
          1,
          1,
          1,
          null,
          null
        ]
      }
    },
    "timestamp": 1636497516
  }
}
